<?xml version="1.0" encoding="UTF-8"?>
<!-- Generated by org.testng.reporters.JUnitReportReporter -->
<testsuite hostname="LAPTOP-50I9GGAN" failures="0" tests="1" name="com.flipkart.dataProvider.dataProvider" time="0.613" errors="0" timestamp="2023-11-15T20:38:11 IST" skipped="0">
  <testcase classname="com.flipkart.dataProvider.dataProvider" name="data_provider" time="0.613"/>
  <system-out/>
</testsuite> <!-- com.flipkart.dataProvider.dataProvider -->
