<?xml version="1.0" encoding="UTF-8"?>
<!-- Generated by org.testng.reporters.JUnitReportReporter -->
<testsuite hostname="LAPTOP-50I9GGAN" failures="0" tests="1" name="Robot_class_demo" time="48.463" errors="0" timestamp="2023-11-30T01:05:23 IST" skipped="0">
  <testcase classname="Robot_class_demo" name="uploadFile" time="48.463"/>
  <system-out/>
</testsuite> <!-- Robot_class_demo -->
