<?xml version="1.0" encoding="UTF-8"?>
<!-- Generated by org.testng.reporters.JUnitReportReporter -->
<testsuite hostname="LAPTOP-50I9GGAN" failures="0" tests="1" name="Robot_class_demo" time="32.418" errors="0" timestamp="2024-01-23T21:56:40 IST" skipped="0">
  <testcase classname="Robot_class_demo" name="uploadFile" time="32.418"/>
  <system-out/>
</testsuite> <!-- Robot_class_demo -->
