<?xml version="1.0" encoding="UTF-8"?>
<!-- Generated by org.testng.reporters.JUnitReportReporter -->
<testsuite hostname="LAPTOP-50I9GGAN" failures="0" tests="1" name="baseClass.baseClassSetup" time="14.506" errors="0" timestamp="2023-11-14T23:08:28 IST" skipped="0">
  <testcase classname="baseClass.baseClassSetup" name="setup" time="14.506"/>
  <system-out/>
</testsuite> <!-- baseClass.baseClassSetup -->
