<?xml version="1.0" encoding="UTF-8"?>
<!-- Generated by org.testng.reporters.JUnitReportReporter -->
<testsuite hostname="LAPTOP-50I9GGAN" failures="0" tests="3" name="com.flipkart.action.searchItemAction" time="41.894" errors="0" timestamp="2023-12-05T00:03:46 IST" skipped="1">
  <testcase classname="com.flipkart.action.searchItemAction" name="searchAnItem" time="21.811"/>
  <system-out/>
  <testcase classname="com.flipkart.action.searchItemAction" name="searchAnItem" time="20.083"/>
  <system-out/>
  <testcase classname="com.flipkart.action.searchItemAction" name="test2">
    <skipped/>
  </testcase> <!-- test2 -->
  <system-out/>
</testsuite> <!-- com.flipkart.action.searchItemAction -->
